{"C:\\Users\\RICHARD\\Gym\\member-service\\src\\services\\member.service.js": {"path":"C:\\Users\\RICHARD\\Gym\\member-service\\src\\services\\member.service.js","statementMap":{"0":{"start":{"line":1,"column":15},"end":{"line":1,"column":38}},"1":{"start":{"line":2,"column":15},"end":{"line":2,"column":34}},"2":{"start":{"line":3,"column":12},"end":{"line":3,"column":35}},"3":{"start":{"line":6,"column":0},"end":{"line":47,"column":2}},"4":{"start":{"line":7,"column":2},"end":{"line":46,"column":3}},"5":{"start":{"line":9,"column":4},"end":{"line":9,"column":61}},"6":{"start":{"line":10,"column":4},"end":{"line":10,"column":50}},"7":{"start":{"line":11,"column":4},"end":{"line":11,"column":43}},"8":{"start":{"line":12,"column":4},"end":{"line":12,"column":77}},"9":{"start":{"line":13,"column":4},"end":{"line":13,"column":61}},"10":{"start":{"line":15,"column":27},"end":{"line":15,"column":58}},"11":{"start":{"line":17,"column":19},"end":{"line":17,"column":49}},"12":{"start":{"line":18,"column":4},"end":{"line":18,"column":56}},"13":{"start":{"line":18,"column":35},"end":{"line":18,"column":56}},"14":{"start":{"line":19,"column":4},"end":{"line":19,"column":61}},"15":{"start":{"line":19,"column":38},"end":{"line":19,"column":61}},"16":{"start":{"line":21,"column":20},"end":{"line":21,"column":40}},"17":{"start":{"line":22,"column":16},"end":{"line":22,"column":26}},"18":{"start":{"line":23,"column":22},"end":{"line":23,"column":77}},"19":{"start":{"line":25,"column":20},"end":{"line":40,"column":6}},"20":{"start":{"line":42,"column":4},"end":{"line":42,"column":94}},"21":{"start":{"line":44,"column":4},"end":{"line":44,"column":49}},"22":{"start":{"line":45,"column":4},"end":{"line":45,"column":16}},"23":{"start":{"line":50,"column":0},"end":{"line":85,"column":2}},"24":{"start":{"line":51,"column":2},"end":{"line":84,"column":3}},"25":{"start":{"line":52,"column":17},"end":{"line":55,"column":6}},"26":{"start":{"line":57,"column":4},"end":{"line":57,"column":69}},"27":{"start":{"line":57,"column":15},"end":{"line":57,"column":69}},"28":{"start":{"line":59,"column":19},"end":{"line":59,"column":64}},"29":{"start":{"line":60,"column":4},"end":{"line":60,"column":73}},"30":{"start":{"line":60,"column":17},"end":{"line":60,"column":73}},"31":{"start":{"line":62,"column":18},"end":{"line":66,"column":5}},"32":{"start":{"line":68,"column":4},"end":{"line":80,"column":6}},"33":{"start":{"line":82,"column":4},"end":{"line":82,"column":46}},"34":{"start":{"line":83,"column":4},"end":{"line":83,"column":16}},"35":{"start":{"line":88,"column":0},"end":{"line":95,"column":2}},"36":{"start":{"line":89,"column":2},"end":{"line":94,"column":3}},"37":{"start":{"line":90,"column":4},"end":{"line":90,"column":41}},"38":{"start":{"line":92,"column":4},"end":{"line":92,"column":47}},"39":{"start":{"line":93,"column":4},"end":{"line":93,"column":16}},"40":{"start":{"line":98,"column":0},"end":{"line":109,"column":2}},"41":{"start":{"line":99,"column":2},"end":{"line":108,"column":3}},"42":{"start":{"line":100,"column":20},"end":{"line":102,"column":6}},"43":{"start":{"line":103,"column":4},"end":{"line":103,"column":74}},"44":{"start":{"line":103,"column":18},"end":{"line":103,"column":74}},"45":{"start":{"line":104,"column":4},"end":{"line":104,"column":19}},"46":{"start":{"line":106,"column":4},"end":{"line":106,"column":48}},"47":{"start":{"line":107,"column":4},"end":{"line":107,"column":16}},"48":{"start":{"line":112,"column":0},"end":{"line":136,"column":2}},"49":{"start":{"line":113,"column":2},"end":{"line":135,"column":3}},"50":{"start":{"line":114,"column":20},"end":{"line":114,"column":68}},"51":{"start":{"line":115,"column":4},"end":{"line":115,"column":74}},"52":{"start":{"line":115,"column":18},"end":{"line":115,"column":74}},"53":{"start":{"line":117,"column":16},"end":{"line":117,"column":26}},"54":{"start":{"line":118,"column":24},"end":{"line":118,"column":69}},"55":{"start":{"line":119,"column":23},"end":{"line":119,"column":73}},"56":{"start":{"line":121,"column":21},"end":{"line":129,"column":6}},"57":{"start":{"line":131,"column":4},"end":{"line":131,"column":101}},"58":{"start":{"line":133,"column":4},"end":{"line":133,"column":45}},"59":{"start":{"line":134,"column":4},"end":{"line":134,"column":16}},"60":{"start":{"line":139,"column":0},"end":{"line":172,"column":2}},"61":{"start":{"line":140,"column":2},"end":{"line":171,"column":3}},"62":{"start":{"line":141,"column":20},"end":{"line":141,"column":68}},"63":{"start":{"line":142,"column":4},"end":{"line":142,"column":74}},"64":{"start":{"line":142,"column":18},"end":{"line":142,"column":74}},"65":{"start":{"line":144,"column":16},"end":{"line":144,"column":26}},"66":{"start":{"line":145,"column":25},"end":{"line":145,"column":82}},"67":{"start":{"line":146,"column":23},"end":{"line":146,"column":73}},"68":{"start":{"line":148,"column":21},"end":{"line":156,"column":6}},"69":{"start":{"line":158,"column":4},"end":{"line":167,"column":6}},"70":{"start":{"line":169,"column":4},"end":{"line":169,"column":60}},"71":{"start":{"line":170,"column":4},"end":{"line":170,"column":16}},"72":{"start":{"line":175,"column":0},"end":{"line":197,"column":2}},"73":{"start":{"line":176,"column":2},"end":{"line":196,"column":3}},"74":{"start":{"line":177,"column":20},"end":{"line":177,"column":68}},"75":{"start":{"line":178,"column":4},"end":{"line":178,"column":74}},"76":{"start":{"line":178,"column":18},"end":{"line":178,"column":74}},"77":{"start":{"line":180,"column":22},"end":{"line":182,"column":6}},"78":{"start":{"line":184,"column":4},"end":{"line":192,"column":6}},"79":{"start":{"line":194,"column":4},"end":{"line":194,"column":57}},"80":{"start":{"line":195,"column":4},"end":{"line":195,"column":16}},"81":{"start":{"line":200,"column":0},"end":{"line":224,"column":2}},"82":{"start":{"line":201,"column":2},"end":{"line":223,"column":3}},"83":{"start":{"line":202,"column":20},"end":{"line":202,"column":68}},"84":{"start":{"line":203,"column":4},"end":{"line":203,"column":74}},"85":{"start":{"line":203,"column":18},"end":{"line":203,"column":74}},"86":{"start":{"line":205,"column":25},"end":{"line":205,"column":84}},"87":{"start":{"line":206,"column":4},"end":{"line":206,"column":73}},"88":{"start":{"line":206,"column":23},"end":{"line":206,"column":73}},"89":{"start":{"line":208,"column":24},"end":{"line":213,"column":6}},"90":{"start":{"line":215,"column":4},"end":{"line":219,"column":6}},"91":{"start":{"line":221,"column":4},"end":{"line":221,"column":55}},"92":{"start":{"line":222,"column":4},"end":{"line":222,"column":16}},"93":{"start":{"line":227,"column":0},"end":{"line":244,"column":2}},"94":{"start":{"line":228,"column":2},"end":{"line":243,"column":3}},"95":{"start":{"line":229,"column":16},"end":{"line":229,"column":26}},"96":{"start":{"line":231,"column":22},"end":{"line":238,"column":6}},"97":{"start":{"line":239,"column":4},"end":{"line":239,"column":21}},"98":{"start":{"line":241,"column":4},"end":{"line":241,"column":47}},"99":{"start":{"line":242,"column":4},"end":{"line":242,"column":16}},"100":{"start":{"line":247,"column":0},"end":{"line":253,"column":2}},"101":{"start":{"line":248,"column":2},"end":{"line":252,"column":4}}},"fnMap":{"0":{"name":"(anonymous_0)","decl":{"start":{"line":6,"column":19},"end":{"line":6,"column":20}},"loc":{"start":{"line":6,"column":116},"end":{"line":47,"column":1}},"line":6},"1":{"name":"(anonymous_1)","decl":{"start":{"line":50,"column":16},"end":{"line":50,"column":17}},"loc":{"start":{"line":50,"column":47},"end":{"line":85,"column":1}},"line":50},"2":{"name":"(anonymous_2)","decl":{"start":{"line":88,"column":17},"end":{"line":88,"column":18}},"loc":{"start":{"line":88,"column":29},"end":{"line":95,"column":1}},"line":88},"3":{"name":"(anonymous_3)","decl":{"start":{"line":98,"column":18},"end":{"line":98,"column":19}},"loc":{"start":{"line":98,"column":32},"end":{"line":109,"column":1}},"line":98},"4":{"name":"(anonymous_4)","decl":{"start":{"line":112,"column":27},"end":{"line":112,"column":28}},"loc":{"start":{"line":112,"column":52},"end":{"line":136,"column":1}},"line":112},"5":{"name":"(anonymous_5)","decl":{"start":{"line":139,"column":29},"end":{"line":139,"column":30}},"loc":{"start":{"line":139,"column":54},"end":{"line":172,"column":1}},"line":139},"6":{"name":"(anonymous_6)","decl":{"start":{"line":175,"column":23},"end":{"line":175,"column":24}},"loc":{"start":{"line":175,"column":37},"end":{"line":197,"column":1}},"line":175},"7":{"name":"(anonymous_7)","decl":{"start":{"line":200,"column":24},"end":{"line":200,"column":25}},"loc":{"start":{"line":200,"column":51},"end":{"line":224,"column":1}},"line":200},"8":{"name":"(anonymous_8)","decl":{"start":{"line":227,"column":30},"end":{"line":227,"column":31}},"loc":{"start":{"line":227,"column":42},"end":{"line":244,"column":1}},"line":227},"9":{"name":"(anonymous_9)","decl":{"start":{"line":247,"column":20},"end":{"line":247,"column":21}},"loc":{"start":{"line":247,"column":32},"end":{"line":253,"column":1}},"line":247}},"branchMap":{"0":{"loc":{"start":{"line":12,"column":46},"end":{"line":12,"column":73}},"type":"binary-expr","locations":[{"start":{"line":12,"column":46},"end":{"line":12,"column":53}},{"start":{"line":12,"column":57},"end":{"line":12,"column":73}}],"line":12},"1":{"loc":{"start":{"line":17,"column":20},"end":{"line":17,"column":34}},"type":"binary-expr","locations":[{"start":{"line":17,"column":20},"end":{"line":17,"column":23}},{"start":{"line":17,"column":27},"end":{"line":17,"column":34}}],"line":17},"2":{"loc":{"start":{"line":18,"column":4},"end":{"line":18,"column":56}},"type":"if","locations":[{"start":{"line":18,"column":4},"end":{"line":18,"column":56}},{"start":{},"end":{}}],"line":18},"3":{"loc":{"start":{"line":19,"column":4},"end":{"line":19,"column":61}},"type":"if","locations":[{"start":{"line":19,"column":4},"end":{"line":19,"column":61}},{"start":{},"end":{}}],"line":19},"4":{"loc":{"start":{"line":23,"column":22},"end":{"line":23,"column":77}},"type":"cond-expr","locations":[{"start":{"line":23,"column":33},"end":{"line":23,"column":69}},{"start":{"line":23,"column":73},"end":{"line":23,"column":77}}],"line":23},"5":{"loc":{"start":{"line":23,"column":33},"end":{"line":23,"column":69}},"type":"binary-expr","locations":[{"start":{"line":23,"column":33},"end":{"line":23,"column":57}},{"start":{"line":23,"column":61},"end":{"line":23,"column":69}}],"line":23},"6":{"loc":{"start":{"line":30,"column":18},"end":{"line":30,"column":34}},"type":"binary-expr","locations":[{"start":{"line":30,"column":18},"end":{"line":30,"column":26}},{"start":{"line":30,"column":30},"end":{"line":30,"column":34}}],"line":30},"7":{"loc":{"start":{"line":32,"column":17},"end":{"line":32,"column":53}},"type":"cond-expr","locations":[{"start":{"line":32,"column":27},"end":{"line":32,"column":46}},{"start":{"line":32,"column":49},"end":{"line":32,"column":53}}],"line":32},"8":{"loc":{"start":{"line":33,"column":22},"end":{"line":33,"column":42}},"type":"binary-expr","locations":[{"start":{"line":33,"column":22},"end":{"line":33,"column":34}},{"start":{"line":33,"column":38},"end":{"line":33,"column":42}}],"line":33},"9":{"loc":{"start":{"line":34,"column":26},"end":{"line":34,"column":57}},"type":"cond-expr","locations":[{"start":{"line":34,"column":36},"end":{"line":34,"column":46}},{"start":{"line":34,"column":49},"end":{"line":34,"column":57}}],"line":34},"10":{"loc":{"start":{"line":38,"column":17},"end":{"line":38,"column":32}},"type":"binary-expr","locations":[{"start":{"line":38,"column":17},"end":{"line":38,"column":24}},{"start":{"line":38,"column":28},"end":{"line":38,"column":32}}],"line":38},"11":{"loc":{"start":{"line":57,"column":4},"end":{"line":57,"column":69}},"type":"if","locations":[{"start":{"line":57,"column":4},"end":{"line":57,"column":69}},{"start":{},"end":{}}],"line":57},"12":{"loc":{"start":{"line":60,"column":4},"end":{"line":60,"column":73}},"type":"if","locations":[{"start":{"line":60,"column":4},"end":{"line":60,"column":73}},{"start":{},"end":{}}],"line":60},"13":{"loc":{"start":{"line":78,"column":14},"end":{"line":78,"column":39}},"type":"binary-expr","locations":[{"start":{"line":78,"column":14},"end":{"line":78,"column":31}},{"start":{"line":78,"column":35},"end":{"line":78,"column":39}}],"line":78},"14":{"loc":{"start":{"line":103,"column":4},"end":{"line":103,"column":74}},"type":"if","locations":[{"start":{"line":103,"column":4},"end":{"line":103,"column":74}},{"start":{},"end":{}}],"line":103},"15":{"loc":{"start":{"line":115,"column":4},"end":{"line":115,"column":74}},"type":"if","locations":[{"start":{"line":115,"column":4},"end":{"line":115,"column":74}},{"start":{},"end":{}}],"line":115},"16":{"loc":{"start":{"line":118,"column":24},"end":{"line":118,"column":69}},"type":"binary-expr","locations":[{"start":{"line":118,"column":24},"end":{"line":118,"column":48}},{"start":{"line":118,"column":52},"end":{"line":118,"column":69}}],"line":118},"17":{"loc":{"start":{"line":142,"column":4},"end":{"line":142,"column":74}},"type":"if","locations":[{"start":{"line":142,"column":4},"end":{"line":142,"column":74}},{"start":{},"end":{}}],"line":142},"18":{"loc":{"start":{"line":145,"column":25},"end":{"line":145,"column":82}},"type":"binary-expr","locations":[{"start":{"line":145,"column":25},"end":{"line":145,"column":49}},{"start":{"line":145,"column":53},"end":{"line":145,"column":70}},{"start":{"line":145,"column":74},"end":{"line":145,"column":82}}],"line":145},"19":{"loc":{"start":{"line":178,"column":4},"end":{"line":178,"column":74}},"type":"if","locations":[{"start":{"line":178,"column":4},"end":{"line":178,"column":74}},{"start":{},"end":{}}],"line":178},"20":{"loc":{"start":{"line":203,"column":4},"end":{"line":203,"column":74}},"type":"if","locations":[{"start":{"line":203,"column":4},"end":{"line":203,"column":74}},{"start":{},"end":{}}],"line":203},"21":{"loc":{"start":{"line":206,"column":4},"end":{"line":206,"column":73}},"type":"if","locations":[{"start":{"line":206,"column":4},"end":{"line":206,"column":73}},{"start":{},"end":{}}],"line":206}},"s":{"0":2,"1":2,"2":2,"3":2,"4":3,"5":3,"6":3,"7":3,"8":3,"9":3,"10":3,"11":3,"12":3,"13":1,"14":3,"15":1,"16":3,"17":3,"18":3,"19":3,"20":3,"21":0,"22":0,"23":2,"24":4,"25":4,"26":4,"27":2,"28":2,"29":2,"30":1,"31":1,"32":1,"33":3,"34":3,"35":2,"36":1,"37":1,"38":0,"39":0,"40":2,"41":2,"42":2,"43":2,"44":1,"45":1,"46":1,"47":1,"48":2,"49":1,"50":1,"51":1,"52":0,"53":1,"54":1,"55":1,"56":1,"57":1,"58":0,"59":0,"60":2,"61":1,"62":1,"63":1,"64":0,"65":1,"66":1,"67":1,"68":1,"69":1,"70":0,"71":0,"72":2,"73":2,"74":2,"75":2,"76":0,"77":2,"78":2,"79":0,"80":0,"81":2,"82":2,"83":2,"84":2,"85":0,"86":2,"87":2,"88":1,"89":1,"90":1,"91":1,"92":1,"93":2,"94":1,"95":1,"96":1,"97":1,"98":0,"99":0,"100":2,"101":1},"f":{"0":3,"1":4,"2":1,"3":2,"4":1,"5":1,"6":2,"7":2,"8":1,"9":1},"b":{"0":[3,3],"1":[3,0],"2":[1,2],"3":[1,2],"4":[1,2],"5":[1,1],"6":[3,3],"7":[0,3],"8":[3,3],"9":[1,2],"10":[3,3],"11":[2,2],"12":[1,1],"13":[1,1],"14":[1,1],"15":[0,1],"16":[1,0],"17":[0,1],"18":[1,0,0],"19":[0,2],"20":[0,2],"21":[1,1]},"_coverageSchema":"1a1c01bbd47fc00a2c39e90264f33305004495a9","hash":"f3cd346c5e2ec9b748111287b5927856dc2ae476"}
}
