TN:
SF:src\services\member.service.js
FN:6,(anonymous_0)
FN:50,(anonymous_1)
FN:88,(anonymous_2)
FN:98,(anonymous_3)
FN:112,(anonymous_4)
FN:139,(anonymous_5)
FN:175,(anonymous_6)
FN:200,(anonymous_7)
FN:227,(anonymous_8)
FN:247,(anonymous_9)
FNF:10
FNH:10
FNDA:3,(anonymous_0)
FNDA:4,(anonymous_1)
FNDA:1,(anonymous_2)
FNDA:2,(anonymous_3)
FNDA:1,(anonymous_4)
FNDA:1,(anonymous_5)
FNDA:2,(anonymous_6)
FNDA:2,(anonymous_7)
FNDA:1,(anonymous_8)
FNDA:1,(anonymous_9)
DA:1,2
DA:2,2
DA:3,2
DA:6,2
DA:7,3
DA:9,3
DA:10,3
DA:11,3
DA:12,3
DA:13,3
DA:15,3
DA:17,3
DA:18,3
DA:19,3
DA:21,3
DA:22,3
DA:23,3
DA:25,3
DA:42,3
DA:44,0
DA:45,0
DA:50,2
DA:51,4
DA:52,4
DA:57,4
DA:59,2
DA:60,2
DA:62,1
DA:68,1
DA:82,3
DA:83,3
DA:88,2
DA:89,1
DA:90,1
DA:92,0
DA:93,0
DA:98,2
DA:99,2
DA:100,2
DA:103,2
DA:104,1
DA:106,1
DA:107,1
DA:112,2
DA:113,1
DA:114,1
DA:115,1
DA:117,1
DA:118,1
DA:119,1
DA:121,1
DA:131,1
DA:133,0
DA:134,0
DA:139,2
DA:140,1
DA:141,1
DA:142,1
DA:144,1
DA:145,1
DA:146,1
DA:148,1
DA:158,1
DA:169,0
DA:170,0
DA:175,2
DA:176,2
DA:177,2
DA:178,2
DA:180,2
DA:184,2
DA:194,0
DA:195,0
DA:200,2
DA:201,2
DA:202,2
DA:203,2
DA:205,2
DA:206,2
DA:208,1
DA:215,1
DA:221,1
DA:222,1
DA:227,2
DA:228,1
DA:229,1
DA:231,1
DA:239,1
DA:241,0
DA:242,0
DA:247,2
DA:248,1
LF:92
LH:80
BRDA:12,0,0,3
BRDA:12,0,1,3
BRDA:17,1,0,3
BRDA:17,1,1,0
BRDA:18,2,0,1
BRDA:18,2,1,2
BRDA:19,3,0,1
BRDA:19,3,1,2
BRDA:23,4,0,1
BRDA:23,4,1,2
BRDA:23,5,0,1
BRDA:23,5,1,1
BRDA:30,6,0,3
BRDA:30,6,1,3
BRDA:32,7,0,0
BRDA:32,7,1,3
BRDA:33,8,0,3
BRDA:33,8,1,3
BRDA:34,9,0,1
BRDA:34,9,1,2
BRDA:38,10,0,3
BRDA:38,10,1,3
BRDA:57,11,0,2
BRDA:57,11,1,2
BRDA:60,12,0,1
BRDA:60,12,1,1
BRDA:78,13,0,1
BRDA:78,13,1,1
BRDA:103,14,0,1
BRDA:103,14,1,1
BRDA:115,15,0,0
BRDA:115,15,1,1
BRDA:118,16,0,1
BRDA:118,16,1,0
BRDA:142,17,0,0
BRDA:142,17,1,1
BRDA:145,18,0,1
BRDA:145,18,1,0
BRDA:145,18,2,0
BRDA:178,19,0,0
BRDA:178,19,1,2
BRDA:203,20,0,0
BRDA:203,20,1,2
BRDA:206,21,0,1
BRDA:206,21,1,1
BRF:45
BRH:36
end_of_record
